  Main.cpp
C:\Users\olab\Desktop\ito\UnityProject\Time-Operation_3D_prot3_forGit\Assets\Plugins\NativePluginExample\NativePluginExample\Main.cpp(46,57): warning C4101: 'e': ローカル変数は 1 度も使われていません。
C:\Users\olab\Desktop\ito\UnityProject\Time-Operation_3D_prot3_forGit\Assets\Plugins\Position3DTracker.h(227,28): warning C4244: '初期化中': 'double' から 'int' への変換です。データが失われる可能性があります。
  (ソース ファイル 'Main.cpp' をコンパイルしています)
      C:\Users\olab\Desktop\ito\UnityProject\Time-Operation_3D_prot3_forGit\Assets\Plugins\Position3DTracker.h(227,28):
      テンプレートインスタンス化コンテキスト (最初に最も古いもの) は
          C:\Users\olab\Desktop\ito\UnityProject\Time-Operation_3D_prot3_forGit\Assets\Plugins\NativePluginExample\NativePluginExample\Main.cpp(212,9):
          コンパイル対象の クラス テンプレート インスタンス化 'pf::filters::Position3DTracker<1000,double>' のリファレンスを確認してください
          C:\Users\olab\Desktop\ito\UnityProject\Time-Operation_3D_prot3_forGit\Assets\Plugins\Position3DTracker.h(217,18):
          クラス テンプレート メンバー関数 'void pf::filters::Position3DTracker<1000,double>::filter(const Eigen::Matrix<double,3,1,0,3,1> &,const std::vector<std::function<const Eigen::MatrixXd (const Eigen::Vector3d &)>,std::allocator<std::function<const Eigen::MatrixXd (const Eigen::Vector3d &)>>> &)' のコンパイル中
              C:\Users\olab\Desktop\ito\UnityProject\Time-Operation_3D_prot3_forGit\Assets\Plugins\NativePluginExample\NativePluginExample\Main.cpp(212,24):
              'ParticleFilter' の 'pf::filters::Position3DTracker<1000,double>::filter' への最初の参照を参照してください
  
C:\Users\olab\Desktop\ito\UnityProject\Time-Operation_3D_prot3_forGit\Assets\Plugins\Position3DTracker.h(228,28): warning C4244: '初期化中': 'double' から 'int' への変換です。データが失われる可能性があります。
  (ソース ファイル 'Main.cpp' をコンパイルしています)
  
C:\Users\olab\Desktop\ito\UnityProject\Time-Operation_3D_prot3_forGit\Assets\Plugins\Position3DTracker.h(229,28): warning C4244: '初期化中': 'double' から 'int' への変換です。データが失われる可能性があります。
  (ソース ファイル 'Main.cpp' をコンパイルしています)
  
C:\Users\olab\Desktop\ito\UnityProject\Time-Operation_3D_prot3_forGit\Assets\Plugins\Position3DTracker.h(230,28): warning C4244: '初期化中': 'double' から 'int' への変換です。データが失われる可能性があります。
  (ソース ファイル 'Main.cpp' をコンパイルしています)
  
C:\Users\olab\Desktop\ito\UnityProject\Time-Operation_3D_prot3_forGit\Assets\Plugins\Position3DTracker.h(231,28): warning C4244: '初期化中': 'double' から 'int' への変換です。データが失われる可能性があります。
  (ソース ファイル 'Main.cpp' をコンパイルしています)
  
C:\Users\olab\Desktop\ito\UnityProject\Time-Operation_3D_prot3_forGit\Assets\Plugins\Position3DTracker.h(232,28): warning C4244: '初期化中': 'double' から 'int' への変換です。データが失われる可能性があります。
  (ソース ファイル 'Main.cpp' をコンパイルしています)
  
C:\Users\olab\Desktop\ito\UnityProject\Time-Operation_3D_prot3_forGit\Assets\Plugins\Position3DTracker.h(233,28): warning C4244: '初期化中': 'double' から 'int' への変換です。データが失われる可能性があります。
  (ソース ファイル 'Main.cpp' をコンパイルしています)
  
C:\Users\olab\Desktop\ito\UnityProject\Time-Operation_3D_prot3_forGit\Assets\Plugins\Position3DTracker.h(234,28): warning C4244: '初期化中': 'double' から 'int' への変換です。データが失われる可能性があります。
  (ソース ファイル 'Main.cpp' をコンパイルしています)
  
C:\Users\olab\Desktop\ito\UnityProject\Time-Operation_3D_prot3_forGit\Assets\Plugins\Position3DTracker.h(235,28): warning C4244: '初期化中': 'double' から 'int' への変換です。データが失われる可能性があります。
  (ソース ファイル 'Main.cpp' をコンパイルしています)
  
C:\Users\olab\Desktop\ito\UnityProject\Time-Operation_3D_prot3_forGit\Assets\Plugins\Position3DTracker.h(250,16): warning C4244: '初期化中': 'float_t' から 'int' への変換です。データが失われる可能性があります。
C:\Users\olab\Desktop\ito\UnityProject\Time-Operation_3D_prot3_forGit\Assets\Plugins\Position3DTracker.h(250,16): warning C4244:         with
C:\Users\olab\Desktop\ito\UnityProject\Time-Operation_3D_prot3_forGit\Assets\Plugins\Position3DTracker.h(250,16): warning C4244:         [
C:\Users\olab\Desktop\ito\UnityProject\Time-Operation_3D_prot3_forGit\Assets\Plugins\Position3DTracker.h(250,16): warning C4244:             float_t=double
C:\Users\olab\Desktop\ito\UnityProject\Time-Operation_3D_prot3_forGit\Assets\Plugins\Position3DTracker.h(250,16): warning C4244:         ]
  (ソース ファイル 'Main.cpp' をコンパイルしています)
  
  NativePluginExample.vcxproj -> C:\Users\olab\Desktop\ito\UnityProject\Time-Operation_3D_prot3_forGit\Assets\Plugins\NativePluginExample\x64\Debug\NativePluginExample.dll
